<?xml version="1.0" encoding="utf-8"?><testsuites name="pytest tests"><testsuite name="pytest" errors="0" failures="0" skipped="0" tests="24" time="115.732" timestamp="2026-04-30T04:10:35.985357+00:00" hostname="agent-env-4c156c3a-21f7-4887-a5ca-7839b7dd5010"><testcase classname="tests.test_filthy_backend.TestAuth" name="test_login" time="0.648" /><testcase classname="tests.test_filthy_backend.TestAuth" name="test_login_invalid" time="0.268" /><testcase classname="tests.test_filthy_backend.TestAuth" name="test_me" time="0.052" /><testcase classname="tests.test_filthy_backend.TestSettings" name="test_get_initial_settings" time="0.045" /><testcase classname="tests.test_filthy_backend.TestSettings" name="test_save_gumroad_only_then_partial_update" time="0.097" /><testcase classname="tests.test_filthy_backend.TestSettings" name="test_clear_field_via_empty_string" time="0.052" /><testcase classname="tests.test_filthy_backend.TestSettings" name="test_test_provider_unconfigured" time="0.050" /><testcase classname="tests.test_filthy_backend.TestSettings" name="test_test_provider_gumroad_bad_creds" time="0.176" /><testcase classname="tests.test_filthy_backend.TestSettings" name="test_test_provider_meta_bad_creds" time="0.151" /><testcase classname="tests.test_filthy_backend.TestSettings" name="test_test_provider_other_returns_ok" time="0.098" /><testcase classname="tests.test_filthy_backend.TestSettings" name="test_delete_provider" time="0.101" /><testcase classname="tests.test_filthy_backend.TestSettings" name="test_delete_unknown_provider" time="0.044" /><testcase classname="tests.test_filthy_backend.TestStores" name="test_list_stores" time="0.045" /><testcase classname="tests.test_filthy_backend.TestProducts" name="test_list_products" time="19.112" /><testcase classname="tests.test_filthy_backend.TestProducts" name="test_get_product" time="0.043" /><testcase classname="tests.test_filthy_backend.TestProducts" name="test_get_unknown_product_404" time="0.045" /><testcase classname="tests.test_filthy_backend.TestDownloads" name="test_pdf_download" time="0.056" /><testcase classname="tests.test_filthy_backend.TestDownloads" name="test_bundle_zip" time="0.052" /><testcase classname="tests.test_filthy_backend.TestDownloads" name="test_library_zip" time="0.052" /><testcase classname="tests.test_filthy_backend.TestCampaigns" name="test_generate_campaign" time="39.876" /><testcase classname="tests.test_filthy_backend.TestLaunch" name="test_download_all_returns_404_when_empty" time="0.490" /><testcase classname="tests.test_filthy_backend.TestLaunch" name="test_launch_unconfigured_real_stores" time="53.919" /><testcase classname="tests.test_filthy_backend.TestLaunch" name="test_listings_after_launch" time="0.086" /><testcase classname="tests.test_filthy_backend.TestStats" name="test_stats_includes_integration_counts" time="0.055" /></testsuite></testsuites>