<?xml version="1.0" encoding="utf-8"?><testsuites name="pytest tests"><testsuite name="pytest" errors="0" failures="0" skipped="0" tests="30" time="27.869" timestamp="2026-04-30T04:49:55.982695+00:00" hostname="agent-env-4c156c3a-21f7-4887-a5ca-7839b7dd5010"><testcase classname="tests.test_phase1_backend.TestAuth" name="test_signup_plain" time="0.822" /><testcase classname="tests.test_phase1_backend.TestAuth" name="test_me_returns_new_fields" time="0.054" /><testcase classname="tests.test_phase1_backend.TestAuth" name="test_owner_email_is_admin" time="0.512" /><testcase classname="tests.test_phase1_backend.TestAuth" name="test_signup_with_referral_code_attribution" time="0.530" /><testcase classname="tests.test_phase1_backend.TestBilling" name="test_plans_has_price_ids" time="1.018" /><testcase classname="tests.test_phase1_backend.TestBilling" name="test_create_checkout_returns_stripe_url" time="0.440" /><testcase classname="tests.test_phase1_backend.TestBilling" name="test_payment_transaction_recorded" time="0.001" /><testcase classname="tests.test_phase1_backend.TestBilling" name="test_billing_status_returns_dict" time="0.236" /><testcase classname="tests.test_phase1_backend.TestBilling" name="test_cancel_no_subscription_returns_400" time="0.056" /><testcase classname="tests.test_phase1_backend.TestBilling" name="test_reactivate_no_subscription_returns_400" time="0.051" /><testcase classname="tests.test_phase1_backend.TestBilling" name="test_change_plan_no_subscription_returns_400" time="0.051" /><testcase classname="tests.test_phase1_backend.TestBilling" name="test_portal_no_customer_returns_400" time="0.052" /><testcase classname="tests.test_phase1_backend.TestBilling" name="test_invoices_no_customer_returns_empty" time="0.054" /><testcase classname="tests.test_phase1_backend.TestWebhook" name="test_webhook_checkout_session_completed_updates_user" time="0.436" /><testcase classname="tests.test_phase1_backend.TestWebhook" name="test_webhook_bad_signature_returns_400" time="0.112" /><testcase classname="tests.test_phase1_backend.TestReferrals" name="test_referrals_me" time="0.090" /><testcase classname="tests.test_phase1_backend.TestReferrals" name="test_leaderboard" time="0.064" /><testcase classname="tests.test_phase1_backend.TestReferrals" name="test_resolve_code_invalid" time="0.053" /><testcase classname="tests.test_phase1_backend.TestReferrals" name="test_resolve_code_valid" time="0.112" /><testcase classname="tests.test_phase1_backend.TestAdmin" name="test_admin_forbidden_for_normal_user" time="0.053" /><testcase classname="tests.test_phase1_backend.TestAdmin" name="test_admin_overview" time="0.057" /><testcase classname="tests.test_phase1_backend.TestAdmin" name="test_admin_users_and_detail" time="0.110" /><testcase classname="tests.test_phase1_backend.TestAdmin" name="test_admin_ban_then_login_blocked_then_unban" time="0.660" /><testcase classname="tests.test_phase1_backend.TestAdmin" name="test_admin_audit_logs_contains_ban" time="0.052" /><testcase classname="tests.test_phase1_backend.TestAdmin" name="test_admin_announcements_crud" time="0.180" /><testcase classname="tests.test_phase1_backend.TestAdmin" name="test_admin_feature_flags_upsert" time="0.119" /><testcase classname="tests.test_phase1_backend.TestAdmin" name="test_admin_broadcast_test_to_self" time="0.259" /><testcase classname="tests.test_phase1_backend.TestAdmin" name="test_admin_system_health" time="0.053" /><testcase classname="tests.test_phase1_backend.TestDownloads" name="test_pdf_contains_referral_url" time="21.438" /><testcase classname="tests.test_phase1_backend.TestDownloads" name="test_bundle_zip_includes_readme_powered_by" time="0.063" /></testsuite></testsuites>