<?xml version="1.0" encoding="utf-8"?><testsuites name="pytest tests"><testsuite name="pytest" errors="0" failures="2" skipped="0" tests="30" time="27.934" timestamp="2026-04-30T04:41:01.092252+00:00" hostname="agent-env-4c156c3a-21f7-4887-a5ca-7839b7dd5010"><testcase classname="tests.test_phase1_backend.TestAuth" name="test_signup_plain" time="0.864" /><testcase classname="tests.test_phase1_backend.TestAuth" name="test_me_returns_new_fields" time="0.048" /><testcase classname="tests.test_phase1_backend.TestAuth" name="test_owner_email_is_admin" time="0.500" /><testcase classname="tests.test_phase1_backend.TestAuth" name="test_signup_with_referral_code_attribution" time="0.518" /><testcase classname="tests.test_phase1_backend.TestBilling" name="test_plans_has_price_ids" time="1.020" /><testcase classname="tests.test_phase1_backend.TestBilling" name="test_create_checkout_returns_stripe_url" time="0.450" /><testcase classname="tests.test_phase1_backend.TestBilling" name="test_payment_transaction_recorded" time="0.001" /><testcase classname="tests.test_phase1_backend.TestBilling" name="test_billing_status_returns_dict" time="0.211"><failure message="AssertionError: Internal Server Error&#10;assert 500 == 200&#10; +  where 500 = &lt;Response [500]&gt;.status_code">tests/test_phase1_backend.py:163: in test_billing_status_returns_dict
    assert r.status_code == 200, r.text
E   AssertionError: Internal Server Error
E   assert 500 == 200
E    +  where 500 = &lt;Response [500]&gt;.status_code</failure></testcase><testcase classname="tests.test_phase1_backend.TestBilling" name="test_cancel_no_subscription_returns_400" time="0.048" /><testcase classname="tests.test_phase1_backend.TestBilling" name="test_reactivate_no_subscription_returns_400" time="0.047" /><testcase classname="tests.test_phase1_backend.TestBilling" name="test_change_plan_no_subscription_returns_400" time="0.047" /><testcase classname="tests.test_phase1_backend.TestBilling" name="test_portal_no_customer_returns_400" time="0.045" /><testcase classname="tests.test_phase1_backend.TestBilling" name="test_invoices_no_customer_returns_empty" time="0.046" /><testcase classname="tests.test_phase1_backend.TestWebhook" name="test_webhook_checkout_session_completed_updates_user" time="0.118"><failure message="AssertionError: Internal Server Error&#10;assert 500 == 200&#10; +  where 500 = &lt;Response [500]&gt;.status_code">tests/test_phase1_backend.py:222: in test_webhook_checkout_session_completed_updates_user
    assert r.status_code == 200, r.text
E   AssertionError: Internal Server Error
E   assert 500 == 200
E    +  where 500 = &lt;Response [500]&gt;.status_code</failure></testcase><testcase classname="tests.test_phase1_backend.TestWebhook" name="test_webhook_bad_signature_returns_400" time="0.128" /><testcase classname="tests.test_phase1_backend.TestReferrals" name="test_referrals_me" time="0.048" /><testcase classname="tests.test_phase1_backend.TestReferrals" name="test_leaderboard" time="0.046" /><testcase classname="tests.test_phase1_backend.TestReferrals" name="test_resolve_code_invalid" time="0.045" /><testcase classname="tests.test_phase1_backend.TestReferrals" name="test_resolve_code_valid" time="0.093" /><testcase classname="tests.test_phase1_backend.TestAdmin" name="test_admin_forbidden_for_normal_user" time="0.048" /><testcase classname="tests.test_phase1_backend.TestAdmin" name="test_admin_overview" time="0.051" /><testcase classname="tests.test_phase1_backend.TestAdmin" name="test_admin_users_and_detail" time="0.097" /><testcase classname="tests.test_phase1_backend.TestAdmin" name="test_admin_ban_then_login_blocked_then_unban" time="0.653" /><testcase classname="tests.test_phase1_backend.TestAdmin" name="test_admin_audit_logs_contains_ban" time="0.047" /><testcase classname="tests.test_phase1_backend.TestAdmin" name="test_admin_announcements_crud" time="0.153" /><testcase classname="tests.test_phase1_backend.TestAdmin" name="test_admin_feature_flags_upsert" time="0.102" /><testcase classname="tests.test_phase1_backend.TestAdmin" name="test_admin_broadcast_test_to_self" time="0.207" /><testcase classname="tests.test_phase1_backend.TestAdmin" name="test_admin_system_health" time="0.046" /><testcase classname="tests.test_phase1_backend.TestDownloads" name="test_pdf_contains_referral_url" time="21.994" /><testcase classname="tests.test_phase1_backend.TestDownloads" name="test_bundle_zip_includes_readme_powered_by" time="0.060" /></testsuite></testsuites>